<?xml version="1.0" encoding="UTF-8"?>
<!-- Generated by org.testng.reporters.JUnitReportReporter -->
<testsuite hostname="Meharwal" failures="0" tests="1" name="tests.Test3" time="9.766" errors="0" timestamp="2022-01-29T18:30:44 IST" skipped="0">
  <testcase classname="tests.Test3" name="testGoogle" time="9.766"/>
  <system-out/>
</testsuite> <!-- tests.Test3 -->
