<?xml version="1.0" encoding="UTF-8"?>
<!-- Generated by org.testng.reporters.JUnitReportReporter -->
<testsuite hostname="Meharwal" failures="0" tests="1" name="tests.TestProperties" time="0.200" errors="0" timestamp="2022-01-29T17:43:23 IST" skipped="0">
  <testcase classname="tests.TestProperties" name="test123" time="0.200"/>
  <system-out/>
</testsuite> <!-- tests.TestProperties -->
