<?xml version="1.0" encoding="UTF-8"?>
<!-- Generated by org.testng.reporters.JUnitReportReporter -->
<testsuite hostname="Meharwal" failures="0" tests="1" name="tests.Test1" time="25.860" errors="0" timestamp="2022-01-31T13:44:07 IST" skipped="0">
  <testcase classname="tests.Test1" name="verifyAspireappOdoo" time="25.860"/>
  <system-out/>
</testsuite> <!-- tests.Test1 -->
